Oct 08, 2024 1:18:31 PM Main main
INFO: Starting real-time port monitoring...
Oct 08, 2024 1:18:31 PM Main checkForAlerts
INFO: Alert: Port 8887 is currently open!
Oct 08, 2024 1:18:36 PM Main checkForAlerts
INFO: Alert: Port 8887 is currently open!
Oct 08, 2024 1:18:41 PM Main checkForAlerts
INFO: Alert: Port 8887 is currently closed!
Oct 08, 2024 1:18:46 PM Main checkForAlerts
INFO: Alert: Port 8887 is currently closed!
Oct 08, 2024 1:18:51 PM Main checkForAlerts
INFO: Alert: Port 8887 is currently closed!
Oct 08, 2024 1:18:56 PM Main checkForAlerts
INFO: Alert: Port 8887 is currently closed!
Oct 08, 2024 1:19:01 PM Main checkForAlerts
INFO: Alert: Port 8887 is currently closed!
Oct 08, 2024 1:19:06 PM Main checkForAlerts
INFO: Alert: Port 8887 is currently closed!
Oct 08, 2024 1:19:11 PM Main checkForAlerts
INFO: Alert: Port 8887 is currently closed!
Oct 08, 2024 1:19:16 PM Main checkForAlerts
INFO: Alert: Port 8887 is currently closed!
Oct 08, 2024 1:19:21 PM Main checkForAlerts
INFO: Alert: Port 8887 is currently closed!
Oct 08, 2024 1:19:26 PM Main checkForAlerts
INFO: Alert: Port 8887 is currently closed!
Oct 08, 2024 1:19:31 PM Main checkForAlerts
INFO: Alert: Port 8887 is currently closed!
Oct 08, 2024 1:19:36 PM Main checkForAlerts
INFO: Alert: Port 8887 is currently closed!
Oct 08, 2024 1:19:42 PM Main checkForAlerts
INFO: Alert: Port 8887 is currently closed!
Oct 08, 2024 1:19:47 PM Main checkForAlerts
INFO: Alert: Port 8887 is currently closed!
Oct 08, 2024 1:19:52 PM Main checkForAlerts
INFO: Alert: Port 8887 is currently closed!
Oct 08, 2024 1:19:57 PM Main checkForAlerts
INFO: Alert: Port 8887 is currently closed!
Oct 08, 2024 1:20:02 PM Main checkForAlerts
INFO: Alert: Port 8887 is currently closed!
Oct 08, 2024 1:20:07 PM Main checkForAlerts
INFO: Alert: Port 8887 is currently closed!
Oct 08, 2024 1:20:12 PM Main checkForAlerts
INFO: Alert: Port 8887 is currently closed!
Oct 08, 2024 1:20:17 PM Main checkForAlerts
INFO: Alert: Port 8887 is currently closed!
Oct 08, 2024 1:20:22 PM Main checkForAlerts
INFO: Alert: Port 8887 is currently closed!
Oct 08, 2024 1:20:27 PM Main checkForAlerts
INFO: Alert: Port 8887 is currently closed!
Oct 08, 2024 1:20:32 PM Main checkForAlerts
INFO: Alert: Port 8887 is currently closed!
Oct 08, 2024 1:20:37 PM Main checkForAlerts
INFO: Alert: Port 8887 is currently closed!
Oct 08, 2024 1:20:42 PM Main checkForAlerts
INFO: Alert: Port 8887 is currently closed!
Oct 08, 2024 1:20:47 PM Main checkForAlerts
INFO: Alert: Port 8887 is currently closed!
Oct 08, 2024 1:20:52 PM Main checkForAlerts
INFO: Alert: Port 8887 is currently closed!
Oct 08, 2024 1:20:57 PM Main checkForAlerts
INFO: Alert: Port 8887 is currently closed!
Oct 08, 2024 1:21:02 PM Main checkForAlerts
INFO: Alert: Port 8887 is currently closed!
Oct 08, 2024 1:21:08 PM Main checkForAlerts
INFO: Alert: Port 8887 is currently closed!
Oct 08, 2024 1:21:13 PM Main checkForAlerts
INFO: Alert: Port 8887 is currently closed!
Oct 08, 2024 1:21:18 PM Main checkForAlerts
INFO: Alert: Port 8887 is currently closed!
Oct 08, 2024 1:21:23 PM Main checkForAlerts
INFO: Alert: Port 8887 is currently closed!
Oct 08, 2024 1:21:28 PM Main checkForAlerts
INFO: Alert: Port 8887 is currently closed!
Oct 08, 2024 1:21:33 PM Main checkForAlerts
INFO: Alert: Port 8887 is currently closed!
Oct 08, 2024 1:21:38 PM Main checkForAlerts
INFO: Alert: Port 8887 is currently closed!
Oct 08, 2024 1:21:43 PM Main checkForAlerts
INFO: Alert: Port 8887 is currently closed!
Oct 08, 2024 1:21:48 PM Main checkForAlerts
INFO: Alert: Port 8887 is currently closed!
Oct 08, 2024 1:21:53 PM Main checkForAlerts
INFO: Alert: Port 8887 is currently closed!
Oct 08, 2024 1:21:58 PM Main checkForAlerts
INFO: Alert: Port 8887 is currently closed!
Oct 08, 2024 1:22:03 PM Main checkForAlerts
INFO: Alert: Port 8887 is currently closed!
Oct 08, 2024 1:22:08 PM Main checkForAlerts
INFO: Alert: Port 8887 is currently closed!
Oct 08, 2024 1:22:13 PM Main checkForAlerts
INFO: Alert: Port 8887 is currently closed!
Oct 08, 2024 1:22:18 PM Main checkForAlerts
INFO: Alert: Port 8887 is currently closed!
Oct 08, 2024 1:22:23 PM Main checkForAlerts
INFO: Alert: Port 8887 is currently closed!
Oct 08, 2024 1:22:28 PM Main checkForAlerts
INFO: Alert: Port 8887 is currently closed!
Oct 08, 2024 1:22:34 PM Main checkForAlerts
INFO: Alert: Port 8887 is currently closed!
Oct 08, 2024 1:22:39 PM Main checkForAlerts
INFO: Alert: Port 8887 is currently closed!
Oct 08, 2024 1:22:44 PM Main checkForAlerts
INFO: Alert: Port 8887 is currently closed!
Oct 08, 2024 1:22:49 PM Main checkForAlerts
INFO: Alert: Port 8887 is currently closed!
Oct 08, 2024 1:22:54 PM Main checkForAlerts
INFO: Alert: Port 8887 is currently closed!
Oct 08, 2024 1:22:59 PM Main checkForAlerts
INFO: Alert: Port 8887 is currently closed!
Oct 08, 2024 1:23:04 PM Main checkForAlerts
INFO: Alert: Port 8887 is currently closed!
Oct 08, 2024 1:23:09 PM Main checkForAlerts
INFO: Alert: Port 8887 is currently closed!
Oct 08, 2024 1:23:14 PM Main checkForAlerts
INFO: Alert: Port 8887 is currently closed!
Oct 08, 2024 1:23:19 PM Main checkForAlerts
INFO: Alert: Port 8887 is currently closed!
Oct 08, 2024 1:23:24 PM Main checkForAlerts
INFO: Alert: Port 8887 is currently closed!
Oct 08, 2024 1:23:29 PM Main checkForAlerts
INFO: Alert: Port 8887 is currently closed!
Oct 08, 2024 1:23:34 PM Main checkForAlerts
INFO: Alert: Port 8887 is currently closed!
Oct 08, 2024 1:23:39 PM Main checkForAlerts
INFO: Alert: Port 8887 is currently closed!
Oct 08, 2024 1:23:44 PM Main checkForAlerts
INFO: Alert: Port 8887 is currently closed!
Oct 08, 2024 1:23:49 PM Main checkForAlerts
INFO: Alert: Port 8887 is currently closed!
Oct 08, 2024 1:23:54 PM Main checkForAlerts
INFO: Alert: Port 8887 is currently closed!
Oct 08, 2024 1:24:00 PM Main checkForAlerts
INFO: Alert: Port 8887 is currently closed!
Oct 08, 2024 1:24:05 PM Main checkForAlerts
INFO: Alert: Port 8887 is currently closed!
Oct 08, 2024 1:24:10 PM Main checkForAlerts
INFO: Alert: Port 8887 is currently closed!
Oct 08, 2024 1:24:15 PM Main checkForAlerts
INFO: Alert: Port 8887 is currently closed!
Oct 08, 2024 1:24:20 PM Main checkForAlerts
INFO: Alert: Port 8887 is currently closed!
Oct 08, 2024 1:24:25 PM Main checkForAlerts
INFO: Alert: Port 8887 is currently closed!
Oct 08, 2024 1:24:30 PM Main checkForAlerts
INFO: Alert: Port 8887 is currently closed!
Oct 08, 2024 1:24:35 PM Main checkForAlerts
INFO: Alert: Port 8887 is currently closed!
Oct 08, 2024 1:24:40 PM Main checkForAlerts
INFO: Alert: Port 8887 is currently closed!
Oct 08, 2024 1:24:45 PM Main checkForAlerts
INFO: Alert: Port 8887 is currently closed!
Oct 08, 2024 1:24:50 PM Main checkForAlerts
INFO: Alert: Port 8887 is currently closed!
Oct 08, 2024 1:24:55 PM Main checkForAlerts
INFO: Alert: Port 8887 is currently closed!
Oct 08, 2024 1:25:00 PM Main checkForAlerts
INFO: Alert: Port 8887 is currently closed!
Oct 08, 2024 1:25:05 PM Main checkForAlerts
INFO: Alert: Port 8887 is currently closed!
Oct 08, 2024 1:25:10 PM Main checkForAlerts
INFO: Alert: Port 8887 is currently closed!
Oct 08, 2024 1:25:15 PM Main checkForAlerts
INFO: Alert: Port 8887 is currently closed!
Oct 08, 2024 1:25:20 PM Main checkForAlerts
INFO: Alert: Port 8887 is currently closed!
Oct 08, 2024 1:25:25 PM Main checkForAlerts
INFO: Alert: Port 8887 is currently closed!
Oct 08, 2024 1:25:30 PM Main checkForAlerts
INFO: Alert: Port 8887 is currently closed!
Oct 08, 2024 1:25:35 PM Main checkForAlerts
INFO: Alert: Port 8887 is currently closed!
Oct 08, 2024 1:25:41 PM Main checkForAlerts
INFO: Alert: Port 8887 is currently closed!
Oct 08, 2024 1:25:46 PM Main checkForAlerts
INFO: Alert: Port 8887 is currently closed!
Oct 08, 2024 1:25:51 PM Main checkForAlerts
INFO: Alert: Port 8887 is currently closed!
Oct 08, 2024 1:25:56 PM Main checkForAlerts
INFO: Alert: Port 8887 is currently closed!
Oct 08, 2024 1:26:01 PM Main checkForAlerts
INFO: Alert: Port 8887 is currently closed!
Oct 08, 2024 1:26:06 PM Main checkForAlerts
INFO: Alert: Port 8887 is currently closed!
